<?xml version="1.0" encoding="UTF-8" ?>
<testsuite tests="26" failures="0" name="FMDao.FMDaoTest" time="0.086" errors="0" skipped="0">
  <properties>
    <property name="java.runtime.name" value="Java(TM) SE Runtime Environment"/>
    <property name="sun.boot.library.path" value="/usr/lib/jvm/java-8-oracle/jre/lib/amd64"/>
    <property name="java.vm.version" value="25.121-b13"/>
    <property name="java.vm.vendor" value="Oracle Corporation"/>
    <property name="maven.multiModuleProjectDirectory" value="/home/camber/swg/bitbucket/camber-griffin-individual-work/FlooringMastery"/>
    <property name="java.vendor.url" value="http://java.oracle.com/"/>
    <property name="path.separator" value=":"/>
    <property name="guice.disable.misplaced.annotation.check" value="true"/>
    <property name="java.vm.name" value="Java HotSpot(TM) 64-Bit Server VM"/>
    <property name="file.encoding.pkg" value="sun.io"/>
    <property name="user.country" value="US"/>
    <property name="sun.java.launcher" value="SUN_STANDARD"/>
    <property name="sun.os.patch.level" value="unknown"/>
    <property name="java.vm.specification.name" value="Java Virtual Machine Specification"/>
    <property name="user.dir" value="/home/camber/swg/bitbucket/camber-griffin-individual-work/FlooringMastery"/>
    <property name="java.runtime.version" value="1.8.0_121-b13"/>
    <property name="java.awt.graphicsenv" value="sun.awt.X11GraphicsEnvironment"/>
    <property name="java.endorsed.dirs" value="/usr/lib/jvm/java-8-oracle/jre/lib/endorsed"/>
    <property name="os.arch" value="amd64"/>
    <property name="java.io.tmpdir" value="/tmp"/>
    <property name="line.separator" value="
"/>
    <property name="java.vm.specification.vendor" value="Oracle Corporation"/>
    <property name="os.name" value="Linux"/>
    <property name="maven.ext.class.path" value="/home/camber/netbeans-8.2/java/maven-nblib/netbeans-eventspy.jar"/>
    <property name="classworlds.conf" value="/home/camber/apache-maven-3.5.0/bin/m2.conf"/>
    <property name="sun.jnu.encoding" value="UTF-8"/>
    <property name="java.library.path" value="/usr/lib/jvm/java-8-oracle/jre/lib/amd64:/usr/lib/jvm/java-8-oracle/jre/lib/i386::/usr/java/packages/lib/amd64:/usr/lib64:/lib64:/lib:/usr/lib"/>
    <property name="maven.conf" value="/home/camber/apache-maven-3.5.0/conf"/>
    <property name="java.specification.name" value="Java Platform API Specification"/>
    <property name="java.class.version" value="52.0"/>
    <property name="sun.management.compiler" value="HotSpot 64-Bit Tiered Compilers"/>
    <property name="os.version" value="4.8.0-52-generic"/>
    <property name="library.jansi.path" value="/home/camber/apache-maven-3.5.0/lib/jansi-native/linux64"/>
    <property name="user.home" value="/home/camber"/>
    <property name="user.timezone" value="America/New_York"/>
    <property name="java.awt.printerjob" value="sun.print.PSPrinterJob"/>
    <property name="java.specification.version" value="1.8"/>
    <property name="file.encoding" value="UTF-8"/>
    <property name="user.name" value="camber"/>
    <property name="java.class.path" value="/home/camber/apache-maven-3.5.0/boot/plexus-classworlds-2.5.2.jar"/>
    <property name="java.vm.specification.version" value="1.8"/>
    <property name="sun.arch.data.model" value="64"/>
    <property name="java.home" value="/usr/lib/jvm/java-8-oracle/jre"/>
    <property name="sun.java.command" value="org.codehaus.plexus.classworlds.launcher.Launcher -Dmaven.ext.class.path=/home/camber/netbeans-8.2/java/maven-nblib/netbeans-eventspy.jar clean install"/>
    <property name="java.specification.vendor" value="Oracle Corporation"/>
    <property name="user.language" value="en"/>
    <property name="awt.toolkit" value="sun.awt.X11.XToolkit"/>
    <property name="java.vm.info" value="mixed mode"/>
    <property name="java.version" value="1.8.0_121"/>
    <property name="java.ext.dirs" value="/usr/lib/jvm/java-8-oracle/jre/lib/ext:/usr/java/packages/lib/ext"/>
    <property name="securerandom.source" value="file:/dev/./urandom"/>
    <property name="sun.boot.class.path" value="/usr/lib/jvm/java-8-oracle/jre/lib/resources.jar:/usr/lib/jvm/java-8-oracle/jre/lib/rt.jar:/usr/lib/jvm/java-8-oracle/jre/lib/sunrsasign.jar:/usr/lib/jvm/java-8-oracle/jre/lib/jsse.jar:/usr/lib/jvm/java-8-oracle/jre/lib/jce.jar:/usr/lib/jvm/java-8-oracle/jre/lib/charsets.jar:/usr/lib/jvm/java-8-oracle/jre/lib/jfr.jar:/usr/lib/jvm/java-8-oracle/jre/classes"/>
    <property name="java.vendor" value="Oracle Corporation"/>
    <property name="maven.home" value="/home/camber/apache-maven-3.5.0"/>
    <property name="file.separator" value="/"/>
    <property name="java.vendor.url.bug" value="http://bugreport.sun.com/bugreport/"/>
    <property name="sun.cpu.endian" value="little"/>
    <property name="sun.io.unicode.encoding" value="UnicodeLittle"/>
    <property name="sun.desktop" value="gnome"/>
    <property name="sun.cpu.isalist" value=""/>
  </properties>
  <testcase classname="FMDao.FMDaoTest" name="testGetOrderWrongNumberRightDate" time="0.051"/>
  <testcase classname="FMDao.FMDaoTest" name="testGetOrder" time="0"/>
  <testcase classname="FMDao.FMDaoTest" name="testGetState" time="0.012"/>
  <testcase classname="FMDao.FMDaoTest" name="testRemoveProduct" time="0"/>
  <testcase classname="FMDao.FMDaoTest" name="testLoad" time="0.003"/>
  <testcase classname="FMDao.FMDaoTest" name="testSave" time="0"/>
  <testcase classname="FMDao.FMDaoTest" name="testSetCurrentId" time="0"/>
  <testcase classname="FMDao.FMDaoTest" name="testRemoveOrder" time="0.001"/>
  <testcase classname="FMDao.FMDaoTest" name="testRemoveState" time="0"/>
  <testcase classname="FMDao.FMDaoTest" name="testAddOrder" time="0"/>
  <testcase classname="FMDao.FMDaoTest" name="testAddState" time="0.002"/>
  <testcase classname="FMDao.FMDaoTest" name="testGetProduct" time="0.003"/>
  <testcase classname="FMDao.FMDaoTest" name="testAddOrderNegNumberBigDate" time="0.001"/>
  <testcase classname="FMDao.FMDaoTest" name="testGetAllStates" time="0.002"/>
  <testcase classname="FMDao.FMDaoTest" name="testAddProduct" time="0"/>
  <testcase classname="FMDao.FMDaoTest" name="testHasProduct" time="0.001"/>
  <testcase classname="FMDao.FMDaoTest" name="testGetStateBadState" time="0.002"/>
  <testcase classname="FMDao.FMDaoTest" name="testAddOrderBigNumber" time="0"/>
  <testcase classname="FMDao.FMDaoTest" name="testGetAllProducts" time="0.002"/>
  <testcase classname="FMDao.FMDaoTest" name="testGetOrdersByDate" time="0"/>
  <testcase classname="FMDao.FMDaoTest" name="testGetOrdersByName" time="0.001"/>
  <testcase classname="FMDao.FMDaoTest" name="testGetCurrentId" time="0.002"/>
  <testcase classname="FMDao.FMDaoTest" name="testGetProductBadProduct" time="0.001"/>
  <testcase classname="FMDao.FMDaoTest" name="testGetOrderWrongDate" time="0.001"/>
  <testcase classname="FMDao.FMDaoTest" name="testGetOrderBadDate" time="0.001"/>
  <testcase classname="FMDao.FMDaoTest" name="testGetOrderBadInfo" time="0"/>
</testsuite>